/Experiments
Memory: 96.30859375 CPUTime: 1.555952
Data loaded
Memory: 127.57421875 CPUTime: 1.565842
Labels known to cloud: [ 0  1  2  3  4  5  6  7  8  9 10 11 12 13 14 15 16 17 18 19 20]
Create RF... OK; RandomForestClassifier(n_estimators=50, n_jobs=-1, random_state=42,
                       warm_start=True)
Memory: 127.57421875 CPUTime: 1.5683509999999998
Fitting (160000 samples)... OK;
Memory: 421.12890625 CPUTime: 65.377819
Cloud Cross-Evaluation
- F1 Micro: 0.936
- F1 Macro: 0.934
Memory: 751.30859375 CPUTime: 79.223114
Cloud test with actual testing set
Memory: 751.30859375 CPUTime: 79.555945
- F1 Micro: 0.934
- F1 Macro: 0.932
Memory: 751.30859375 CPUTime: 79.578709
Dumping model to disk; OK
Memory: 920.421875 CPUTime: 79.737888
mprof: Sampling memory every 0.1s
