/Experiments
Memory: 95.86328125 CPUTime: 1.3889610000000001
Data loaded
Memory: 127.015625 CPUTime: 1.3889610000000001
Labels known to cloud: [ 0  1  2  3  4  5  6  7  8  9 10 11 12 13 14 15 16 17 18 19 20]
Create RF... OK; RandomForestClassifier(n_estimators=50, n_jobs=-1, random_state=42,
                       warm_start=True)
Memory: 127.015625 CPUTime: 1.394196
Fitting (160000 samples)... OK;
Memory: 377.96875 CPUTime: 59.448207
Cloud Cross-Evaluation
- F1 Micro: 0.936
- F1 Macro: 0.934
Memory: 553.52734375 CPUTime: 295.750825
Cloud test with actual testing set
Memory: 553.52734375 CPUTime: 296.056811
- F1 Micro: 0.934
- F1 Macro: 0.932
Memory: 553.52734375 CPUTime: 296.078063
Dumping model to disk; OK
Memory: 564.29296875 CPUTime: 296.097149
mprof: Sampling memory every 0.1s
