/Experiments
Memory: 96.91015625 CPUTime: 1.299007
Data loaded
Memory: 128.1328125 CPUTime: 1.316456
Labels known to cloud: [ 0  1  2  3  4  5  6  7  8  9 10 11 12 13 14 15 16 17 18 19 20]
Create RF... OK; RandomForestClassifier(n_estimators=50, n_jobs=-1, random_state=42,
                       warm_start=True)
Memory: 128.1328125 CPUTime: 1.323999
Fitting (160000 samples)... OK;
Memory: 379.04296875 CPUTime: 60.51607
Cloud Cross-Evaluation
- F1 Micro: 0.936
- F1 Macro: 0.934
Memory: 553.875 CPUTime: 300.160153
Cloud test with actual testing set
Memory: 553.875 CPUTime: 300.468925
- F1 Micro: 0.934
- F1 Macro: 0.932
Memory: 553.875 CPUTime: 300.490644
Dumping model to disk; OK
Memory: 564.16796875 CPUTime: 300.517907
mprof: Sampling memory every 0.1s
