/Experiments
Memory: 96.55859375 CPUTime: 1.497157
Data loaded
Memory: 127.82421875 CPUTime: 1.497157
Labels known to cloud: [ 0  1  2  3  4  5  6  7  8  9 10 11 12 13 14 15 16 17 18 19 20]
Create RF... OK; RandomForestClassifier(n_estimators=50, n_jobs=-1, random_state=42,
                       warm_start=True)
Memory: 127.82421875 CPUTime: 1.5012379999999999
Fitting (160000 samples)... OK;
Memory: 426.7734375 CPUTime: 65.05696
Cloud Cross-Evaluation
- F1 Micro: 0.936
- F1 Macro: 0.934
Memory: 798.62890625 CPUTime: 79.544156
Cloud test with actual testing set
Memory: 798.62890625 CPUTime: 79.877358
- F1 Micro: 0.934
- F1 Macro: 0.932
Memory: 798.62890625 CPUTime: 79.900125
Dumping model to disk; OK
Memory: 957.16015625 CPUTime: 79.982059
mprof: Sampling memory every 0.1s
