Mon Jul 15 11:46:41 CEST 2019 T:[       legit[WARNING] 	 Domain switchedon.africa is not valid according to class org.apache.commons.validator.routines.DomainValidator
Mon Jul 15 11:46:41 CEST 2019 T:[       legit[WARNING] 	 Domain 21cskills.africa is not valid according to class org.apache.commons.validator.routines.DomainValidator
Mon Jul 15 11:46:41 CEST 2019 T:[       legit[WARNING] 	 Domain techpoint.africa is not valid according to class org.apache.commons.validator.routines.DomainValidator
Mon Jul 15 11:46:41 CEST 2019 T:[       legit[WARNING] 	 Domain glitched.africa is not valid according to class org.apache.commons.validator.routines.DomainValidator
Mon Jul 15 11:46:41 CEST 2019 T:[       legit[WARNING] 	 Domain opportunite.africa is not valid according to class org.apache.commons.validator.routines.DomainValidator
Mon Jul 15 11:46:42 CEST 2019 T:[       legit[WARNING] 	 Domain 6577492392028844385_c7d8c22ac193f75cac8c45922a2674c4ec352075.blogspot.com is not valid according to class org.apache.commons.validator.routines.DomainValidator
Mon Jul 15 11:46:42 CEST 2019 T:[       legit[WARNING] 	 Domain schneider-electric.africa is not valid according to class org.apache.commons.validator.routines.DomainValidator
Mon Jul 15 11:46:42 CEST 2019 T:[       legit[WARNING] 	 Domain 3416212171932737940_3efb71fe6f1d622bb391e0976c64050747dd044b.blogspot.com is not valid according to class org.apache.commons.validator.routines.DomainValidator
Mon Jul 15 11:46:42 CEST 2019 T:[       legit[WARNING] 	 Domain binance.charity is not valid according to class org.apache.commons.validator.routines.DomainValidator
Mon Jul 15 11:46:42 CEST 2019 T:[       legit[WARNING] 	 Domain publicholidays.africa is not valid according to class org.apache.commons.validator.routines.DomainValidator
Mon Jul 15 11:46:42 CEST 2019 T:[       legit[WARNING] 	 Domain anime_perspective.tripod.com is not valid according to class org.apache.commons.validator.routines.DomainValidator
Mon Jul 15 11:46:42 CEST 2019 T:[       legit[WARNING] 	 Domain 6620982549414970767_657c637c9062a7a7f68c7d4c27d51305d25f51cf.blogspot.com is not valid according to class org.apache.commons.validator.routines.DomainValidator
Mon Jul 15 11:46:42 CEST 2019 T:[       legit[WARNING] 	 Domain 7144134362720020121_8d716f574020c3a0725bbfe41e45392f138f1e82.blogspot.com is not valid according to class org.apache.commons.validator.routines.DomainValidator
Mon Jul 15 11:46:43 CEST 2019 T:[       legit[WARNING] 	 Domain mybet.africa is not valid according to class org.apache.commons.validator.routines.DomainValidator
Mon Jul 15 11:46:43 CEST 2019 T:[       legit[WARNING] 	 Domain ero_me.com is not valid according to class org.apache.commons.validator.routines.DomainValidator
Mon Jul 15 11:46:43 CEST 2019 T:[       legit[WARNING] 	 Domain campc.africa is not valid according to class org.apache.commons.validator.routines.DomainValidator
Mon Jul 15 11:46:43 CEST 2019 T:[       legit[WARNING] 	 Domain ovelha_negra.blogs.sapo.pt is not valid according to class org.apache.commons.validator.routines.DomainValidator
Mon Jul 15 11:46:43 CEST 2019 T:[       legit[WARNING] 	 Domain loud.africa is not valid according to class org.apache.commons.validator.routines.DomainValidator
Mon Jul 15 11:46:43 CEST 2019 T:[       legit[WARNING] 	 Domain 6791133986546446250_b5893146dff5b568e11b0ccc589ccf51db39b570.blogspot.com is not valid according to class org.apache.commons.validator.routines.DomainValidator
Mon Jul 15 11:46:43 CEST 2019 T:[       legit[WARNING] 	 Domain zindi.africa is not valid according to class org.apache.commons.validator.routines.DomainValidator
Mon Jul 15 11:46:43 CEST 2019 T:[       legit[WARNING] 	 Domain 474028380991768103_36d5b05b2cf7bd75e53f1e4d8c2a1577ade80a12.blogspot.com is not valid according to class org.apache.commons.validator.routines.DomainValidator
Mon Jul 15 11:46:43 CEST 2019 T:[       legit[WARNING] 	 Domain 302labs_local_network.com is not valid according to class org.apache.commons.validator.routines.DomainValidator
Mon Jul 15 11:46:43 CEST 2019 T:[       legit[WARNING] 	 Domain mediatek.inc is not valid according to class org.apache.commons.validator.routines.DomainValidator
Mon Jul 15 11:46:43 CEST 2019 T:[       legit[WARNING] 	 Domain lc_hk.com is not valid according to class org.apache.commons.validator.routines.DomainValidator
Mon Jul 15 11:46:43 CEST 2019 T:[       legit[WARNING] 	 Domain muster.africa is not valid according to class org.apache.commons.validator.routines.DomainValidator
Mon Jul 15 11:46:43 CEST 2019 T:[       legit[WARNING] 	 Domain 2875065554344462274_ae073298a169ea02f35c30d3cf7f3a4ab8a4b97f.blogspot.com is not valid according to class org.apache.commons.validator.routines.DomainValidator
Mon Jul 15 11:46:43 CEST 2019 T:[       legit[WARNING] 	 Domain powerlifting.sport is not valid according to class org.apache.commons.validator.routines.DomainValidator
Mon Jul 15 11:46:43 CEST 2019 T:[       legit[WARNING] 	 Domain 2072167401398934850_4f6cbd744253478a578de5868d2a60983fa1bb72.blogspot.com is not valid according to class org.apache.commons.validator.routines.DomainValidator
Mon Jul 15 11:46:43 CEST 2019 T:[       legit[WARNING] 	 Domain 1357918762807700433_66cbee141555602d1637c7537275e596302e1266.blogspot.com is not valid according to class org.apache.commons.validator.routines.DomainValidator
Mon Jul 15 11:46:44 CEST 2019 T:[       legit[WARNING] 	 Domain 3174968997245861623_c8b00e45aae2fc7a821f92d29b4260cf1981ce25.blogspot.com is not valid according to class org.apache.commons.validator.routines.DomainValidator
Mon Jul 15 11:46:44 CEST 2019 T:[       legit[WARNING] 	 Domain 4099890104947121421_ca3fc58098ba0cae94ac6c6139edc51dcbae63c7.blogspot.com is not valid according to class org.apache.commons.validator.routines.DomainValidator
Mon Jul 15 11:46:44 CEST 2019 T:[       legit[WARNING] 	 Domain 4974502216612235439_e9b4f03cb22047f724396abe32f581e5dcc9924d.blogspot.com is not valid according to class org.apache.commons.validator.routines.DomainValidator
Mon Jul 15 11:46:44 CEST 2019 T:[       legit[WARNING] 	 Domain 5108463567672522750_7170f9c5ebab904d7356807b14f29dabe79615b8.blogspot.com is not valid according to class org.apache.commons.validator.routines.DomainValidator
Mon Jul 15 11:46:44 CEST 2019 T:[       legit[WARNING] 	 Domain 5496856050121666731_343f1e23a5969128869ddf007b8a5ade68005eae.blogspot.com is not valid according to class org.apache.commons.validator.routines.DomainValidator
Mon Jul 15 11:46:44 CEST 2019 T:[       legit[WARNING] 	 Domain 6187778413096202298_e5a34a62a32e7c8fb7996206e00312d1b38f26eb.blogspot.com is not valid according to class org.apache.commons.validator.routines.DomainValidator
Mon Jul 15 11:46:44 CEST 2019 T:[       legit[WARNING] 	 Domain 6456791520249809957_1bd07cb3dffd7b0f8dbd856c442ce30ecce468a0.blogspot.com is not valid according to class org.apache.commons.validator.routines.DomainValidator
Mon Jul 15 11:46:44 CEST 2019 T:[       legit[WARNING] 	 Domain 8699485719169421341_16e0acd052060e146962be1544f611865089437d.blogspot.com is not valid according to class org.apache.commons.validator.routines.DomainValidator
Mon Jul 15 11:46:44 CEST 2019 T:[       legit[WARNING] 	 Domain baddog.inc is not valid according to class org.apache.commons.validator.routines.DomainValidator
Mon Jul 15 11:46:44 CEST 2019 T:[       legit[WARNING] 	 Domain haro_11.tripod.com is not valid according to class org.apache.commons.validator.routines.DomainValidator
Mon Jul 15 11:46:44 CEST 2019 T:[       legit[WARNING] 	 Domain imagine_dragons.rozblog.com is not valid according to class org.apache.commons.validator.routines.DomainValidator
Mon Jul 15 11:46:44 CEST 2019 T:[       legit[WARNING] 	 Domain 3745570492006137915_031da06895e2c7bd435341c768c68972fb003eb1.blogspot.com is not valid according to class org.apache.commons.validator.routines.DomainValidator
Mon Jul 15 11:46:44 CEST 2019 T:[       legit[WARNING] 	 Domain tiaozhuan_pc.com is not valid according to class org.apache.commons.validator.routines.DomainValidator
Mon Jul 15 11:46:45 CEST 2019 T:[       legit[WARNING] 	 Domain nickyverd.africa is not valid according to class org.apache.commons.validator.routines.DomainValidator
Mon Jul 15 11:46:45 CEST 2019 T:[       legit[WARNING] 	 Domain dr_ahmadi.mihanblog.com is not valid according to class org.apache.commons.validator.routines.DomainValidator
Mon Jul 15 11:46:45 CEST 2019 T:[       legit[WARNING] 	 Domain bizcommunity.africa is not valid according to class org.apache.commons.validator.routines.DomainValidator
Mon Jul 15 11:46:45 CEST 2019 T:[       legit[WARNING] 	 Domain 5213119795675357751_36c8a279620037783c80529f68bc3d9fa733f623.blogspot.com is not valid according to class org.apache.commons.validator.routines.DomainValidator
Mon Jul 15 11:46:45 CEST 2019 T:[       legit[WARNING] 	 Domain 2779587766692991357_6255314fa0dfac4a9ff03f43d863532bee63cc16.blogspot.com is not valid according to class org.apache.commons.validator.routines.DomainValidator
Mon Jul 15 11:46:45 CEST 2019 T:[       legit[WARNING] 	 Domain 6441202301069739616_638075e6cc5112a54e88bfbe21124a96b9b81f53.blogspot.com is not valid according to class org.apache.commons.validator.routines.DomainValidator
Mon Jul 15 11:46:45 CEST 2019 T:[       legit[WARNING] 	 Domain kasatka_extra_textile.uz is not valid according to class org.apache.commons.validator.routines.DomainValidator
Mon Jul 15 11:46:45 CEST 2019 T:[       legit[WARNING] 	 Domain 4551961993882953169_f4d10f99753afb3b925138e66756645bb187b078.blogspot.com is not valid according to class org.apache.commons.validator.routines.DomainValidator
Mon Jul 15 11:46:45 CEST 2019 T:[       legit[WARNING] 	 Domain 2058943146211261317_ab7f38e377a927d029929baa64f6ffe880c8f192.blogspot.com is not valid according to class org.apache.commons.validator.routines.DomainValidator
Mon Jul 15 11:46:45 CEST 2019 T:[       legit[WARNING] 	 Domain pelican.hotels is not valid according to class org.apache.commons.validator.routines.DomainValidator
Mon Jul 15 11:46:45 CEST 2019 T:[       legit[WARNING] 	 Domain rdm.africa is not valid according to class org.apache.commons.validator.routines.DomainValidator
Mon Jul 15 11:46:45 CEST 2019 T:[       legit[WARNING] 	 Domain tech.africa is not valid according to class org.apache.commons.validator.routines.DomainValidator
Mon Jul 15 11:46:45 CEST 2019 T:[       legit[WARNING] 	 Domain 1692024839496372617_a2c228f80f7361c2a35c6740af294b1adfe2ef38.blogspot.com is not valid according to class org.apache.commons.validator.routines.DomainValidator
Mon Jul 15 11:46:45 CEST 2019 T:[       legit[WARNING] 	 Domain 2700805250300379735_4a9a6951dbe0f7544cccd1c9c9a810bb9dbe759c.blogspot.com is not valid according to class org.apache.commons.validator.routines.DomainValidator
Mon Jul 15 11:46:45 CEST 2019 T:[       legit[WARNING] 	 Domain 7306603720677965633_128cb46bcd375dafeec892497a79cc41bcd3a510.blogspot.com is not valid according to class org.apache.commons.validator.routines.DomainValidator
Mon Jul 15 11:46:45 CEST 2019 T:[       legit[WARNING] 	 Domain floorball.sport is not valid according to class org.apache.commons.validator.routines.DomainValidator
Mon Jul 15 11:46:45 CEST 2019 T:[       legit[WARNING] 	 Domain 7091196172886507598_86b439d67e0e5402f63a6068064e9a67e2cf20f5.blogspot.com is not valid according to class org.apache.commons.validator.routines.DomainValidator
Mon Jul 15 11:46:45 CEST 2019 T:[       legit[WARNING] 	 Domain 1487844613131567095_c74b5b442d6c3375a2126f3d4888f8bcd6d3e6d9.blogspot.com is not valid according to class org.apache.commons.validator.routines.DomainValidator
Mon Jul 15 11:46:45 CEST 2019 T:[       legit[WARNING] 	 Domain 240984021366386807_a51f8516d891f7e9cc800a7c8331218b13e104d7.blogspot.com is not valid according to class org.apache.commons.validator.routines.DomainValidator
Mon Jul 15 11:46:45 CEST 2019 T:[       legit[WARNING] 	 Domain 5557627407951712725_cf70b3cc994f1da22d3d75026f68096ad8d0a349.blogspot.com is not valid according to class org.apache.commons.validator.routines.DomainValidator
Mon Jul 15 11:46:45 CEST 2019 T:[       legit[WARNING] 	 Domain 6519061846400829948_ffadedac366b1621b5051836af1fb6438f9cf353.blogspot.com is not valid according to class org.apache.commons.validator.routines.DomainValidator
Mon Jul 15 11:46:45 CEST 2019 T:[       legit[WARNING] 	 Domain 896919883311880381_1a91918fb42ffcb5bc9120720cf13fc969788b43.blogspot.com is not valid according to class org.apache.commons.validator.routines.DomainValidator
Mon Jul 15 11:46:45 CEST 2019 T:[       legit[WARNING] 	 Domain c_sharp.rozblog.com is not valid according to class org.apache.commons.validator.routines.DomainValidator
Mon Jul 15 11:46:45 CEST 2019 T:[       legit[WARNING] 	 Domain donyaye_aks.loxblog.com is not valid according to class org.apache.commons.validator.routines.DomainValidator
Mon Jul 15 11:46:45 CEST 2019 T:[       legit[WARNING] 	 Domain downloadha_85.rozblog.com is not valid according to class org.apache.commons.validator.routines.DomainValidator
Mon Jul 15 11:46:45 CEST 2019 T:[       legit[WARNING] 	 Domain guys_come-on.rozblog.com is not valid according to class org.apache.commons.validator.routines.DomainValidator
Mon Jul 15 11:46:45 CEST 2019 T:[       legit[WARNING] 	 Domain medical_physics.loxblog.com is not valid according to class org.apache.commons.validator.routines.DomainValidator
Mon Jul 15 11:46:45 CEST 2019 T:[       legit[WARNING] 	 Domain 1249571636487035016_6c3524db8ef0864a99a7a3e71689ac6a5e72a20f.blogspot.com is not valid according to class org.apache.commons.validator.routines.DomainValidator
Mon Jul 15 11:46:45 CEST 2019 T:[       legit[WARNING] 	 Domain 643813594892037125_af20a3e079f8183754013b9dfaaceff5e7514a29.blogspot.com is not valid according to class org.apache.commons.validator.routines.DomainValidator
Mon Jul 15 11:46:45 CEST 2019 T:[       legit[WARNING] 	 Domain 3709937392282252081_2363655b9f07bf9ec13fc3e5952fb38e7d961aaf.blogspot.com is not valid according to class org.apache.commons.validator.routines.DomainValidator
Mon Jul 15 11:46:45 CEST 2019 T:[       legit[WARNING] 	 Domain 1135931784660248363_5f4e333f5d7bca05ba3fa954db7a981476e37bfc.blogspot.com is not valid according to class org.apache.commons.validator.routines.DomainValidator
Mon Jul 15 11:46:45 CEST 2019 T:[       legit[WARNING] 	 Domain 121300669901863642_3f9e409975c00d0422dc3f469f4396b0cd9f0e86.blogspot.com is not valid according to class org.apache.commons.validator.routines.DomainValidator
Mon Jul 15 11:46:45 CEST 2019 T:[       legit[WARNING] 	 Domain 1225506945862074033_67f44ba3a1ca81c5049719483f6df7567721db95.blogspot.com is not valid according to class org.apache.commons.validator.routines.DomainValidator
Mon Jul 15 11:46:45 CEST 2019 T:[       legit[WARNING] 	 Domain 1233946677758353394_84743eae86b10974566c21dbb90a19b759d07cce.blogspot.com is not valid according to class org.apache.commons.validator.routines.DomainValidator
Mon Jul 15 11:46:45 CEST 2019 T:[       legit[WARNING] 	 Domain 1438765851310023245_1dd0187f8da91861e2d518c3a24bffcf5ad6fbf7.blogspot.com is not valid according to class org.apache.commons.validator.routines.DomainValidator
Mon Jul 15 11:46:45 CEST 2019 T:[       legit[WARNING] 	 Domain 1872463584255294767_65d097f9ab660f779b7745570afe95b7fe65bb06.blogspot.com is not valid according to class org.apache.commons.validator.routines.DomainValidator
Mon Jul 15 11:46:45 CEST 2019 T:[       legit[WARNING] 	 Domain 1901509195177914729_ecbcce3d36ab2db1aab90ce45f1c201eec812e60.blogspot.com is not valid according to class org.apache.commons.validator.routines.DomainValidator
Mon Jul 15 11:46:45 CEST 2019 T:[       legit[WARNING] 	 Domain 2136649783095413345_d7716977aada87ae3884a07921121490a3575186.blogspot.com is not valid according to class org.apache.commons.validator.routines.DomainValidator
Mon Jul 15 11:46:45 CEST 2019 T:[       legit[WARNING] 	 Domain 2387029869809790660_5cb0e38c252134016fcf96dddce078ee0543e855.blogspot.com is not valid according to class org.apache.commons.validator.routines.DomainValidator
Mon Jul 15 11:46:45 CEST 2019 T:[       legit[WARNING] 	 Domain 2400372407577989862_e0dc67dc7fbe48d853797e021ac0c6c2d0900065.blogspot.com is not valid according to class org.apache.commons.validator.routines.DomainValidator
Mon Jul 15 11:46:45 CEST 2019 T:[       legit[WARNING] 	 Domain 2564199165524168562_24da5fccd75577c8407d3f9c201ccd61e2aef51a.blogspot.com is not valid according to class org.apache.commons.validator.routines.DomainValidator
Mon Jul 15 11:46:45 CEST 2019 T:[       legit[WARNING] 	 Domain 2788193625345855387_9edef1b1791eff8c0894c455bf0f582b2fcae160.blogspot.com is not valid according to class org.apache.commons.validator.routines.DomainValidator
Mon Jul 15 11:46:45 CEST 2019 T:[       legit[WARNING] 	 Domain 3062478550234400687_dac8e0e18ebf6d473fdca9b2512f37b53331949e.blogspot.com is not valid according to class org.apache.commons.validator.routines.DomainValidator
Mon Jul 15 11:46:45 CEST 2019 T:[       legit[WARNING] 	 Domain 3127779950595554873_731c6d0db32f86a6145c418cb27adaac754ecca2.blogspot.com is not valid according to class org.apache.commons.validator.routines.DomainValidator
Mon Jul 15 11:46:45 CEST 2019 T:[       legit[WARNING] 	 Domain 3159310298549580726_7be7a208507afbfc9a70ef607435e3b0ab4e7bc8.blogspot.com is not valid according to class org.apache.commons.validator.routines.DomainValidator
Mon Jul 15 11:46:45 CEST 2019 T:[       legit[WARNING] 	 Domain 3207780027606326637_a6e7b8d7f128f1cf365227721c0b465a5ce07ee2.blogspot.com is not valid according to class org.apache.commons.validator.routines.DomainValidator
Mon Jul 15 11:46:45 CEST 2019 T:[       legit[WARNING] 	 Domain 3247440959846267195_c323d625623bcaec04de08bec3133e1f587fb800.blogspot.com is not valid according to class org.apache.commons.validator.routines.DomainValidator
Mon Jul 15 11:46:45 CEST 2019 T:[       legit[WARNING] 	 Domain 3438432831373023899_48ec9139d4622c447952421a04fe04e4c20be0fe.blogspot.com is not valid according to class org.apache.commons.validator.routines.DomainValidator
Mon Jul 15 11:46:45 CEST 2019 T:[       legit[WARNING] 	 Domain 3728655218247587702_a5c9cee40b74941af83d94189475853e1ed7246e.blogspot.com is not valid according to class org.apache.commons.validator.routines.DomainValidator
Mon Jul 15 11:46:45 CEST 2019 T:[       legit[WARNING] 	 Domain 4047366877771580844_95f0932277d66a0451db53c25f59e4a6ddbcb012.blogspot.com is not valid according to class org.apache.commons.validator.routines.DomainValidator
Mon Jul 15 11:46:45 CEST 2019 T:[       legit[WARNING] 	 Domain 4268222629411618195_67990b999d223372d0b65b6f5a2d30ec38b089bd.blogspot.com is not valid according to class org.apache.commons.validator.routines.DomainValidator
Mon Jul 15 11:46:45 CEST 2019 T:[       legit[WARNING] 	 Domain 4295623119152659747_497cc794ec829c0668fd96d617d51354eacd8556.blogspot.com is not valid according to class org.apache.commons.validator.routines.DomainValidator
Mon Jul 15 11:46:45 CEST 2019 T:[       legit[WARNING] 	 Domain 4346520732692412053_3a8c4ff6129ed1922dbc8738d16a0c7e93a73418.blogspot.com is not valid according to class org.apache.commons.validator.routines.DomainValidator
Mon Jul 15 11:46:45 CEST 2019 T:[       legit[WARNING] 	 Domain 4360408823029929115_a857ddf028efabc7cab0d12eb8d4e1dea671b38c.blogspot.com is not valid according to class org.apache.commons.validator.routines.DomainValidator
Mon Jul 15 11:46:45 CEST 2019 T:[       legit[WARNING] 	 Domain 4367417209690457443_77bee1c3d9ca8d8546e0b64077a652bf1825254f.blogspot.com is not valid according to class org.apache.commons.validator.routines.DomainValidator
Mon Jul 15 11:46:45 CEST 2019 T:[       legit[WARNING] 	 Domain 4514104735945163770_82ed0a45077c3ac689203192abec9ce226da01d4.blogspot.com is not valid according to class org.apache.commons.validator.routines.DomainValidator
Mon Jul 15 11:46:45 CEST 2019 T:[       legit[WARNING] 	 Domain 4576853341874217540_bd074e3499c1f6b79e9b60d8afe60850eda9399c.blogspot.com is not valid according to class org.apache.commons.validator.routines.DomainValidator
Mon Jul 15 11:46:45 CEST 2019 T:[       legit[WARNING] 	 Domain 4848195779604679663_6d4c4326205a7aa7f04b375a424238c12eca64dc.blogspot.com is not valid according to class org.apache.commons.validator.routines.DomainValidator
Mon Jul 15 11:46:45 CEST 2019 T:[       legit[WARNING] 	 Domain 4876973613810047072_175324096ad466e9dea7d0b21355fc050e92201e.blogspot.com is not valid according to class org.apache.commons.validator.routines.DomainValidator
Mon Jul 15 11:46:45 CEST 2019 T:[       legit[WARNING] 	 Domain 5083409830781246577_f3a2234ad38a47551877b37546896311011be2cb.blogspot.com is not valid according to class org.apache.commons.validator.routines.DomainValidator
Mon Jul 15 11:46:45 CEST 2019 T:[       legit[WARNING] 	 Domain 5170253134625638690_4185808a17d733a76ae6aeef36c118febd1a37ad.blogspot.com is not valid according to class org.apache.commons.validator.routines.DomainValidator
Mon Jul 15 11:46:45 CEST 2019 T:[       legit[WARNING] 	 Domain 51809303449987893_68bb33f121598b405c2066ca1d3da510cb7ff461.blogspot.com is not valid according to class org.apache.commons.validator.routines.DomainValidator
Mon Jul 15 11:46:45 CEST 2019 T:[       legit[WARNING] 	 Domain 5250319758413237191_6e5e0e25376b94573ee93d15a03430199d9660b0.blogspot.com is not valid according to class org.apache.commons.validator.routines.DomainValidator
Mon Jul 15 11:46:45 CEST 2019 T:[       legit[WARNING] 	 Domain 529894762832597224_3086250dcd6ee53a8d9eccdf71824b560c7d6ded.blogspot.com is not valid according to class org.apache.commons.validator.routines.DomainValidator
Mon Jul 15 11:46:45 CEST 2019 T:[       legit[WARNING] 	 Domain 5324425171056450278_f5ffccbafd7f7184dabcbb880db21d30bfac97d6.blogspot.com is not valid according to class org.apache.commons.validator.routines.DomainValidator
Mon Jul 15 11:46:45 CEST 2019 T:[       legit[WARNING] 	 Domain 5533388062468556175_ec0637bdf1ffe841a238c5cbb66a307e608347d9.blogspot.com is not valid according to class org.apache.commons.validator.routines.DomainValidator
Mon Jul 15 11:46:45 CEST 2019 T:[       legit[WARNING] 	 Domain 5736293826089317844_92246dbdd0dd9970d248fcff9c6a6bba52e50fc3.blogspot.com is not valid according to class org.apache.commons.validator.routines.DomainValidator
Mon Jul 15 11:46:45 CEST 2019 T:[       legit[WARNING] 	 Domain 5782490029141492450_aa8f3fb0898a6480b69a9bb49be9f0ff4a3fb4f3.blogspot.com is not valid according to class org.apache.commons.validator.routines.DomainValidator
Mon Jul 15 11:46:45 CEST 2019 T:[       legit[WARNING] 	 Domain 605443009596642055_301876ecb0f32bb0d3601977463cdc4655030ef4.blogspot.com is not valid according to class org.apache.commons.validator.routines.DomainValidator
Mon Jul 15 11:46:45 CEST 2019 T:[       legit[WARNING] 	 Domain 6117737205225911368_629fea4decb8350fd39aeedbea10798b20334af3.blogspot.com is not valid according to class org.apache.commons.validator.routines.DomainValidator
Mon Jul 15 11:46:45 CEST 2019 T:[       legit[WARNING] 	 Domain 6129762020344473484_ce7eb87447805b5dd00e60a6bd9798d53634f716.blogspot.com is not valid according to class org.apache.commons.validator.routines.DomainValidator
Mon Jul 15 11:46:45 CEST 2019 T:[       legit[WARNING] 	 Domain 621346394052865223_da2ca0057cce104d3e2e7f2bdb43fccc1400a19f.blogspot.com is not valid according to class org.apache.commons.validator.routines.DomainValidator
Mon Jul 15 11:46:45 CEST 2019 T:[       legit[WARNING] 	 Domain 6427212171706389215_022cb94a27ce94eb3c737c9d922d5ff61f362e35.blogspot.com is not valid according to class org.apache.commons.validator.routines.DomainValidator
Mon Jul 15 11:46:45 CEST 2019 T:[       legit[WARNING] 	 Domain 6581196886711865377_b0b52c87da1c6ca5f5bbb341ba776a3694318dc2.blogspot.com is not valid according to class org.apache.commons.validator.routines.DomainValidator
Mon Jul 15 11:46:45 CEST 2019 T:[       legit[WARNING] 	 Domain 6743489150430335323_e565cf828c7fc8c121a03f25988b00759cec1fbf.blogspot.com is not valid according to class org.apache.commons.validator.routines.DomainValidator
Mon Jul 15 11:46:45 CEST 2019 T:[       legit[WARNING] 	 Domain 6755820785026826471_f848b8c5e9e129cc0dfb3442edae5faea8c97294.blogspot.com is not valid according to class org.apache.commons.validator.routines.DomainValidator
Mon Jul 15 11:46:45 CEST 2019 T:[       legit[WARNING] 	 Domain 6983547789848441350_e75146a4f3a8059387fed41a981fc79f7f59a8b5.blogspot.com is not valid according to class org.apache.commons.validator.routines.DomainValidator
Mon Jul 15 11:46:45 CEST 2019 T:[       legit[WARNING] 	 Domain 7370306699160283482_9146de33e2cf58c7798d1cc1c1efcec5012ad2a2.blogspot.com is not valid according to class org.apache.commons.validator.routines.DomainValidator
Mon Jul 15 11:46:45 CEST 2019 T:[       legit[WARNING] 	 Domain 7665421782134968016_fb54af353d3d42102a69f2ef05666aa2e028098b.blogspot.com is not valid according to class org.apache.commons.validator.routines.DomainValidator
Mon Jul 15 11:46:45 CEST 2019 T:[       legit[WARNING] 	 Domain 7698702021719097919_f82eec0f6f1a7e735aa4b7a0e581c149e2a337a1.blogspot.com is not valid according to class org.apache.commons.validator.routines.DomainValidator
Mon Jul 15 11:46:45 CEST 2019 T:[       legit[WARNING] 	 Domain 8020634409981321339_5c9bdd1d06ea51272485dcbe7db43df671b7c42f.blogspot.com is not valid according to class org.apache.commons.validator.routines.DomainValidator
Mon Jul 15 11:46:45 CEST 2019 T:[       legit[WARNING] 	 Domain 8058676897749850531_8b5b89d49a7a40afe5b2b6f14e86bacacbe10e98.blogspot.com is not valid according to class org.apache.commons.validator.routines.DomainValidator
Mon Jul 15 11:46:45 CEST 2019 T:[       legit[WARNING] 	 Domain 8071970554605175413_e88d3f5b15dcbc1754b2d9d2c31bfa91eebc76cd.blogspot.com is not valid according to class org.apache.commons.validator.routines.DomainValidator
Mon Jul 15 11:46:45 CEST 2019 T:[       legit[WARNING] 	 Domain 8160006836141900986_f6d77ac3fd10c26527d5ed5d678afe86fdbc4a06.blogspot.com is not valid according to class org.apache.commons.validator.routines.DomainValidator
Mon Jul 15 11:46:45 CEST 2019 T:[       legit[WARNING] 	 Domain 8228876895944705534_d98fe72b823fc564a4bc4f8ac445ccf1a4c3158e.blogspot.com is not valid according to class org.apache.commons.validator.routines.DomainValidator
Mon Jul 15 11:46:45 CEST 2019 T:[       legit[WARNING] 	 Domain 8232883594550006419_7b02eda3b9aa4e2056c2dcf553ef9eca7d9d9222.blogspot.com is not valid according to class org.apache.commons.validator.routines.DomainValidator
Mon Jul 15 11:46:45 CEST 2019 T:[       legit[WARNING] 	 Domain 8548500470499226404_8462bf41a399ad911a1190eb1803abf38c4cb142.blogspot.com is not valid according to class org.apache.commons.validator.routines.DomainValidator
Mon Jul 15 11:46:45 CEST 2019 T:[       legit[WARNING] 	 Domain 8560729392997418448_83dcc8adf50ab7cb847e2d3accbdce0e868b607b.blogspot.com is not valid according to class org.apache.commons.validator.routines.DomainValidator
Mon Jul 15 11:46:45 CEST 2019 T:[       legit[WARNING] 	 Domain 8562771080585240889_555ac0b85c9d9ebc6e1749b51edc8825733ea36e.blogspot.com is not valid according to class org.apache.commons.validator.routines.DomainValidator
Mon Jul 15 11:46:45 CEST 2019 T:[       legit[WARNING] 	 Domain 8567636319379732310_82367a7016af46b4c1e5864a42ee68e4e9ff59c4.blogspot.com is not valid according to class org.apache.commons.validator.routines.DomainValidator
Mon Jul 15 11:46:45 CEST 2019 T:[       legit[WARNING] 	 Domain 8608907323093571925_2deeced84ca064ab0829efa524cf24d972fde8a2.blogspot.com is not valid according to class org.apache.commons.validator.routines.DomainValidator
Mon Jul 15 11:46:45 CEST 2019 T:[       legit[WARNING] 	 Domain 8951252045468093547_c9f64a2847e0b2ab3b909e3ce9b2e7b7c089574a.blogspot.com is not valid according to class org.apache.commons.validator.routines.DomainValidator
Mon Jul 15 11:46:45 CEST 2019 T:[       legit[WARNING] 	 Domain 8987838410415587929_822b82f24d16210fb165f458e26e1a52fcfe3105.blogspot.com is not valid according to class org.apache.commons.validator.routines.DomainValidator
Mon Jul 15 11:46:45 CEST 2019 T:[       legit[WARNING] 	 Domain 9013057515003352801_e5afbc4f2536514e32b2aaf295be70e942e66870.blogspot.com is not valid according to class org.apache.commons.validator.routines.DomainValidator
Mon Jul 15 11:46:45 CEST 2019 T:[       legit[WARNING] 	 Domain 9221409641823276104_5a07a34f114f3f4cc5017cfca8d0a6c14039a9c3.blogspot.com is not valid according to class org.apache.commons.validator.routines.DomainValidator
Mon Jul 15 11:46:45 CEST 2019 T:[       legit[WARNING] 	 Domain sublime_text.net is not valid according to class org.apache.commons.validator.routines.DomainValidator
Mon Jul 15 11:46:45 CEST 2019 T:[       legit[WARNING] 	 Domain el_dwalia.com is not valid according to class org.apache.commons.validator.routines.DomainValidator
Mon Jul 15 11:46:45 CEST 2019 T:[       legit[WARNING] 	 Domain 568579680426933017_df8465dd283c43d44f93fafa71c8bf69eb1f613a.blogspot.com is not valid according to class org.apache.commons.validator.routines.DomainValidator
Mon Jul 15 11:46:45 CEST 2019 T:[       legit[WARNING] 	 Domain 8559985387857822861_f4af8afc5c21f19767499e7aac76144d33f5eb35.blogspot.com is not valid according to class org.apache.commons.validator.routines.DomainValidator
Mon Jul 15 11:46:45 CEST 2019 T:[       legit[WARNING] 	 Domain 8787996569615867863_6c0bd0d652901653d525c327a6a866b6d922a412.blogspot.com is not valid according to class org.apache.commons.validator.routines.DomainValidator
Mon Jul 15 11:46:45 CEST 2019 T:[       legit[WARNING] 	 Domain 7502806037583291135_41575301b62241e79d2970c8cbdbf879d11a5262.blogspot.com is not valid according to class org.apache.commons.validator.routines.DomainValidator
Mon Jul 15 11:46:46 CEST 2019 T:[       legit[WARNING] 	 Domain paratus.africa is not valid according to class org.apache.commons.validator.routines.DomainValidator
Mon Jul 15 11:46:46 CEST 2019 T:[       legit[WARNING] 	 Domain digitalbusiness.africa is not valid according to class org.apache.commons.validator.routines.DomainValidator
Mon Jul 15 11:46:46 CEST 2019 T:[       legit[WARNING] 	 Domain intel_32.com is not valid according to class org.apache.commons.validator.routines.DomainValidator
Mon Jul 15 11:46:46 CEST 2019 T:[       legit[WARNING] 	 Domain retailpay.africa is not valid according to class org.apache.commons.validator.routines.DomainValidator
Mon Jul 15 11:46:46 CEST 2019 T:[       legit[WARNING] 	 Domain 8197490752667141909_aee9967727f2246159517b91becf8e7c53e57fa7.blogspot.com is not valid according to class org.apache.commons.validator.routines.DomainValidator
Mon Jul 15 11:46:46 CEST 2019 T:[       legit[WARNING] 	 Domain 869680463750191587_d89381b0e8fddf7013d067ab1ab7f16d72e24f30.blogspot.com is not valid according to class org.apache.commons.validator.routines.DomainValidator
Mon Jul 15 11:46:46 CEST 2019 T:[       legit[WARNING] 	 Domain 1286029328318338361_f2fb560aca6bb5d9b6d5b537dbeaf3d6923b9adc.blogspot.com is not valid according to class org.apache.commons.validator.routines.DomainValidator
Mon Jul 15 11:46:46 CEST 2019 T:[       legit[WARNING] 	 Domain 3148746899395166019_924dbf52def86a6f4c942db90180f6279f1b182d.blogspot.com is not valid according to class org.apache.commons.validator.routines.DomainValidator
Mon Jul 15 11:46:46 CEST 2019 T:[       legit[WARNING] 	 Domain 5375328438982053516_80a2b1c903f1650e23faa535e987372997341bc9.blogspot.com is not valid according to class org.apache.commons.validator.routines.DomainValidator
Mon Jul 15 11:46:46 CEST 2019 T:[       legit[WARNING] 	 Domain 3455146253135328495_b943637fec3dc7f19839208693bf3a91769c9f01.blogspot.com is not valid according to class org.apache.commons.validator.routines.DomainValidator
Mon Jul 15 11:46:46 CEST 2019 T:[       legit[WARNING] 	 Domain locanto.africa is not valid according to class org.apache.commons.validator.routines.DomainValidator
Mon Jul 15 11:46:46 CEST 2019 T:[       legit[WARNING] 	 Domain 2208482601144804668_f8fdf7fe0247055436f3df1f7b1ca515391abc07.blogspot.com is not valid according to class org.apache.commons.validator.routines.DomainValidator
Mon Jul 15 11:46:46 CEST 2019 T:[       legit[WARNING] 	 Domain 5801877911101492223_f57dc761e5e9f927188882b95b4c959d71352675.blogspot.com is not valid according to class org.apache.commons.validator.routines.DomainValidator
Mon Jul 15 11:46:52 CEST 2019 T:[       legit[INFO] 	      1000000.txt	00:00:06.0000006401	00:00:06.0000006281	00:00:00.0000000018	00:00:00.0000000034	00:00:12.0000012753
Mon Jul 15 11:46:59 CEST 2019 T:[    ccleaner[INFO] 	        10000.txt	00:00:00.0000000124	00:00:04.0000004881	00:00:00.0000000010	00:00:00.0000000004	00:00:05.0000005020
Mon Jul 15 11:47:10 CEST 2019 T:[gozi_rfc4343[INFO] 	   100000.txt.bak	00:00:02.0000002713	00:00:05.0000005859	00:00:00.0000000003	00:00:00.0000000003	00:00:08.0000008579
Mon Jul 15 11:48:05 CEST 2019 T:[   kraken_v1[INFO] 	      1000000.txt	00:00:39.0000039465	00:00:13.0000013631	00:00:00.0000000007	00:00:00.0000000009	00:00:53.0000053112
Mon Jul 15 11:48:19 CEST 2019 T:[   kraken_v2[INFO] 	        10000.txt	00:00:00.0000000378	00:00:09.0000009558	00:00:00.0000000001	00:00:00.0000000002	00:00:09.0000009940
Mon Jul 15 11:49:22 CEST 2019 T:[       locky[INFO] 	      1000000.txt	00:00:43.0000043394	00:00:17.0000017317	00:00:00.0000000004	00:00:00.0000000004	00:01:00.0000000720
Mon Jul 15 11:50:35 CEST 2019 T:[      matsnu[INFO] 	  1000000.txt.bak	00:00:49.0000049991	00:00:17.0000017961	00:00:00.0000000006	00:00:00.0000000019	00:01:07.0000007979
Mon Jul 15 11:50:59 CEST 2019 T:[  murofet_v1[INFO] 	        10000.txt	00:00:00.0000000344	00:00:16.0000016582	00:00:00.0000000001	00:00:00.0000000001	00:00:16.0000016929
Mon Jul 15 11:51:46 CEST 2019 T:[  murofet_v2[INFO] 	       500000.txt	00:00:26.0000026184	00:00:17.0000017676	00:00:00.0000000003	00:00:00.0000000020	00:00:43.0000043883
Mon Jul 15 11:52:08 CEST 2019 T:[  murofet_v3[INFO] 	        10000.txt	00:00:00.0000000489	00:00:14.0000014477	00:00:00.0000000380	00:00:00.0000000003	00:00:15.0000015479
Mon Jul 15 11:54:06 CEST 2019 T:[      necurs[INFO] 	      1000000.txt	00:01:26.0000026421	00:00:23.0000023694	00:00:00.0000000155	00:00:00.0000000393	00:01:50.0000050664
Mon Jul 15 11:56:18 CEST 2019 T:[      nymaim[INFO] 	  1000000.txt.bak	00:01:32.0000032914	00:00:28.0000028194	00:00:00.0000000729	00:00:00.0000000257	00:02:02.0000002095
Mon Jul 15 11:58:49 CEST 2019 T:[    padcrypt[INFO] 	      1000000.txt	00:01:44.0000044518	00:00:33.0000033349	00:00:00.0000000489	00:00:01.0000001043	00:02:19.0000019401
Mon Jul 15 11:59:28 CEST 2019 T:[        pizd[INFO] 	    10000.txt.bak	00:00:00.0000000525	00:00:25.0000025698	00:00:00.0000000002	00:00:00.0000000002	00:00:26.0000026228
Mon Jul 15 12:02:03 CEST 2019 T:[ proslikefan[INFO] 	  1000000.txt.bak	00:01:53.0000053743	00:00:30.0000030957	00:00:00.0000000089	00:00:00.0000000247	00:02:25.0000025037
Mon Jul 15 12:04:41 CEST 2019 T:[      pushdo[INFO] 	      1000000.txt	00:01:45.0000045168	00:00:39.0000039830	00:00:00.0000000040	00:00:00.0000000043	00:02:25.0000025082
Mon Jul 15 12:05:25 CEST 2019 T:[      pykspa[INFO] 	        10000.txt	00:00:01.0000001336	00:00:29.0000029565	00:00:00.0000000002	00:00:00.0000000027	00:00:30.0000030931
Mon Jul 15 12:06:19 CEST 2019 T:[pykspa_noise[INFO] 	   100000.txt.bak	00:00:05.0000005391	00:00:36.0000036028	00:00:00.0000000045	00:00:00.0000000050	00:00:41.0000041515
Mon Jul 15 12:09:06 CEST 2019 T:[      qadars[INFO] 	      1000000.txt	00:01:53.0000053443	00:00:37.0000037595	00:00:00.0000000699	00:00:00.0000000383	00:02:32.0000032122
Mon Jul 15 12:10:16 CEST 2019 T:[      qakbot[INFO] 	       100000.txt	00:00:15.0000015661	00:00:37.0000037377	00:00:00.0000000007	00:00:00.0000000006	00:00:53.0000053087
Mon Jul 15 12:12:51 CEST 2019 T:[       ramdo[INFO] 	      1000000.txt	00:01:44.0000044091	00:00:32.0000032189	00:00:01.0000001486	00:00:01.0000001826	00:02:19.0000019593
Mon Jul 15 12:13:45 CEST 2019 T:[      ramnit[INFO] 	       100000.txt	00:00:01.0000001827	00:00:33.0000033357	00:00:00.0000000007	00:00:00.0000000183	00:00:35.0000035375
Mon Jul 15 12:16:12 CEST 2019 T:[  ranbyus_v1[INFO] 	      1000000.txt	00:01:24.0000024524	00:00:45.0000045761	00:00:00.0000000627	00:00:00.0000000701	00:02:11.0000011613
Mon Jul 15 12:18:51 CEST 2019 T:[  ranbyus_v2[INFO] 	      1000000.txt	00:01:41.0000041519	00:00:40.0000040776	00:00:00.0000000081	00:00:00.0000000168	00:02:22.0000022553
Mon Jul 15 12:21:05 CEST 2019 T:[      rovnix[INFO] 	      1000000.txt	00:00:54.0000054542	00:00:58.0000058202	00:00:00.0000000779	00:00:02.0000002489	00:01:56.0000056013
Mon Jul 15 12:23:17 CEST 2019 T:[     shiotob[INFO] 	      1000000.txt	00:00:49.0000049068	00:00:47.0000047232	00:00:00.0000000248	00:00:14.0000014656	00:01:51.0000051205
Mon Jul 15 12:25:11 CEST 2019 T:[       simda[INFO] 	  1000000.txt.bak	00:00:41.0000041806	00:00:40.0000040059	00:00:00.0000000054	00:00:03.0000003716	00:01:25.0000025636
Mon Jul 15 12:27:16 CEST 2019 T:[      sisron[INFO] 	      1000000.txt	00:00:45.0000045612	00:00:52.0000052032	00:00:00.0000000092	00:00:00.0000000309	00:01:38.0000038046
Mon Jul 15 12:28:34 CEST 2019 T:[  suppobox_1[INFO] 	    10000.txt.bak	00:00:01.0000001123	00:00:51.0000051878	00:00:00.0000000002	00:00:01.0000001600	00:00:54.0000054604
Mon Jul 15 12:29:52 CEST 2019 T:[  suppobox_2[INFO] 	    10000.txt.bak	00:00:00.0000000386	00:00:54.0000054399	00:00:00.0000000001	00:00:00.0000000002	00:00:54.0000054789
Mon Jul 15 12:31:12 CEST 2019 T:[  suppobox_3[INFO] 	        10000.txt	00:00:03.0000003780	00:00:57.0000057639	00:00:00.0000000002	00:00:00.0000000042	00:01:01.0000001464
Mon Jul 15 12:35:36 CEST 2019 T:[       symmi[INFO] 	      1000000.txt	00:02:22.0000022126	00:01:29.0000029930	00:00:00.0000000136	00:00:00.0000000554	00:03:52.0000052747
Mon Jul 15 12:37:19 CEST 2019 T:[  tempedreve[INFO] 	       100000.txt	00:00:09.0000009608	00:01:01.0000001158	00:00:00.0000000006	00:00:00.0000000006	00:01:10.0000010779
Mon Jul 15 12:41:08 CEST 2019 T:[       tinba[INFO] 	      1000000.txt	00:02:29.0000029157	00:00:58.0000058623	00:00:00.0000000002	00:00:00.0000000002	00:03:27.0000027784
Mon Jul 15 12:43:07 CEST 2019 T:[  vawtrak_v1[INFO] 	      1000000.txt	00:00:35.0000035279	00:00:58.0000058764	00:00:00.0000000002	00:00:00.0000000003	00:01:34.0000034049
Mon Jul 15 12:44:34 CEST 2019 T:[  vawtrak_v2[INFO] 	        50000.txt	00:00:02.0000002106	00:00:58.0000058867	00:00:00.0000000139	00:00:00.0000000002	00:01:01.0000001114
Mon Jul 15 12:46:02 CEST 2019 T:[  vawtrak_v3[INFO] 	        10000.txt	00:00:00.0000000061	00:00:56.0000056966	00:00:00.0000000001	00:00:02.0000002203	00:00:59.0000059232
Mon Jul 15 12:51:29 CEST 2019 T:[newgoz[INFO] 	      1000000.txt	00:03:48.0000048782	00:01:07.0000007009	00:00:00.0000000005	00:00:01.0000001527	00:04:57.0000057461
Mon Jul 15 12:53:52 CEST 2019 T:[     alureon[INFO] 	      1000000.txt	00:00:40.0000040932	00:01:08.0000008199	00:00:00.0000000570	00:00:00.0000000010	00:01:49.0000049717
Mon Jul 15 12:57:18 CEST 2019 T:[     banjori[INFO] 	       500000.txt	00:01:34.0000034040	00:01:18.0000018595	00:00:00.0000000011	00:00:02.0000002171	00:02:54.0000054819
Mon Jul 15 13:00:31 CEST 2019 T:[       bedep[INFO] 	      1000000.txt	00:00:52.0000052903	00:01:48.0000048859	00:00:00.0000000014	00:00:00.0000000008	00:02:41.0000041785
Mon Jul 15 13:03:16 CEST 2019 T:[      chinad[INFO] 	      1000000.txt	00:00:52.0000052468	00:01:16.0000016320	00:00:00.0000000010	00:00:04.0000004553	00:02:13.0000013361
Mon Jul 15 13:05:55 CEST 2019 T:[     corebot[INFO] 	      1000000.txt	00:01:02.0000002497	00:01:13.0000013299	00:00:00.0000000296	00:00:00.0000000005	00:02:16.0000016099
Mon Jul 15 13:08:33 CEST 2019 T:[cryptolocker[INFO] 	      1000000.txt	00:00:49.0000049535	00:01:06.0000006177	00:00:00.0000000010	00:00:04.0000004034	00:01:59.0000059855
Mon Jul 15 13:11:26 CEST 2019 T:[    dircrypt[INFO] 	      1000000.txt	00:00:45.0000045310	00:01:27.0000027746	00:00:00.0000000072	00:00:00.0000000008	00:02:13.0000013138
Mon Jul 15 13:19:35 CEST 2019 T:[        dyre[INFO] 	      1000000.txt	00:02:26.0000026759	00:05:03.0000003257	00:00:00.0000000011	00:00:04.0000004790	00:07:34.0000034820
Mon Jul 15 13:22:30 CEST 2019 T:[   fobber_v1[INFO] 	      1000000.txt	00:00:36.0000036295	00:01:25.0000025027	00:00:00.0000000010	00:00:08.0000008653	00:02:09.0000009987
Mon Jul 15 13:25:25 CEST 2019 T:[   fobber_v2[INFO] 	      1000000.txt	00:00:43.0000043146	00:01:25.0000025196	00:00:00.0000000011	00:00:00.0000000536	00:02:08.0000008890
Mon Jul 15 13:27:47 CEST 2019 T:[    gozi_gpl[INFO] 	        50000.txt	00:00:04.0000004272	00:01:32.0000032233	00:00:00.0000000009	00:00:02.0000002926	00:01:39.0000039454
Mon Jul 15 13:29:55 CEST 2019 T:[ gozi_luther[INFO] 	        50000.txt	00:00:00.0000000740	00:01:34.0000034791	00:00:00.0000000009	00:00:00.0000000002	00:01:35.0000035543
Mon Jul 15 13:31:59 CEST 2019 T:[   gozi_nasa[INFO] 	    50000.txt.bak	00:00:02.0000002045	00:01:31.0000031552	00:00:00.0000000010	00:00:00.0000000554	00:01:34.0000034165
